<?xml version="1.0" encoding="UTF-8"?>
<!-- Generated by org.testng.reporters.JUnitReportReporter -->
<testsuite skipped="0" hostname="DESKTOP-QUDM9BK" name="com.bankmanager.testscripts.TC001_VerifyLoginPage" tests="1" failures="0" timestamp="20 Aug 2022 12:59:13 GMT" time="16.081" errors="0">
  <testcase name="verifyLoginOperation" time="16.081" classname="com.bankmanager.testscripts.TC001_VerifyLoginPage"/>
</testsuite> <!-- com.bankmanager.testscripts.TC001_VerifyLoginPage -->
